<?xml version="1.0" encoding="UTF-8"?>
<!-- Generated by org.testng.reporters.JUnitXMLReporter -->
<testsuite hostname="LM-SJN-21001716" ignored="0" name="exampletest2" tests="8" failures="0" timestamp="26 Feb 2018 03:43:28 GMT" time="0.014" errors="0">
  <testcase name="test10" time="0.0" classname="suite2.TestClass3"/>
  <testcase name="test11" time="0.001" classname="suite2.TestClass3"/>
  <testcase name="test12" time="0.0" classname="suite2.TestClass3"/>
  <testcase name="test9" time="0.001" classname="suite2.TestClass3"/>
  <testcase name="test13" time="0.001" classname="suite2.TestClass4"/>
  <testcase name="test14" time="0.001" classname="suite2.TestClass4"/>
  <testcase name="test15" time="0.001" classname="suite2.TestClass4"/>
  <testcase name="test16" time="0.0" classname="suite2.TestClass4"/>
</testsuite> <!-- exampletest2 -->
