<?xml version="1.0" encoding="UTF-8"?>
<!-- Generated by org.testng.reporters.JUnitXMLReporter -->
<testsuite hostname="LM-SJN-21001716" name="Default test" tests="4" failures="0" timestamp="26 Feb 2018 02:52:36 GMT" time="0.023" errors="0">
  <testcase name="test1" time="0.009" classname="suite1.TestClass1"/>
  <testcase name="test2" time="0.001" classname="suite1.TestClass1"/>
  <testcase name="test3" time="0.001" classname="suite1.TestClass1"/>
  <testcase name="test4" time="0.001" classname="suite1.TestClass1"/>
</testsuite> <!-- Default test -->
