<?xml version="1.0" encoding="UTF-8"?>
<!-- Generated by org.testng.reporters.JUnitXMLReporter -->
<testsuite hostname="LM-SJN-21001716" ignored="0" name="exampletest1" tests="8" failures="0" timestamp="26 Feb 2018 03:43:28 GMT" time="0.035" errors="0">
  <testcase name="test1" time="0.008" classname="suite1.TestClass1"/>
  <testcase name="test2" time="0.0" classname="suite1.TestClass1"/>
  <testcase name="test3" time="0.001" classname="suite1.TestClass1"/>
  <testcase name="test4" time="0.0" classname="suite1.TestClass1"/>
  <testcase name="test5" time="0.001" classname="suite1.TestClass2"/>
  <testcase name="test6" time="0.0" classname="suite1.TestClass2"/>
  <testcase name="test7" time="0.001" classname="suite1.TestClass2"/>
  <testcase name="test8" time="0.001" classname="suite1.TestClass2"/>
</testsuite> <!-- exampletest1 -->
